# JRE version: OpenJDK Runtime Environment (Zulu 8.54.0.21-CA-win64) (8.0_292-b10) (build 1.8.0_292-b10)
# Java VM: OpenJDK 64-Bit Server VM (25.292-b10 mixed mode windows-amd64 compressed oops)
Heap:
 PSYoungGen      total 179712K, used 108698K [0x000000078af80000, 0x000000079c080000, 0x00000007c0000000)
  eden space 163840K, 56% used [0x000000078af80000,0x0000000790a2c7f0,0x0000000794f80000)
  from space 15872K, 99% used [0x0000000794f80000,0x0000000795efa338,0x0000000795f00000)
  to   space 29184K, 0% used [0x000000079a400000,0x000000079a400000,0x000000079c080000)
 ParOldGen       total 86016K, used 43269K [0x0000000720e00000, 0x0000000726200000, 0x000000078af80000)
  object space 86016K, 50% used [0x0000000720e00000,0x0000000723841598,0x0000000726200000)
 Metaspace       used 29244K, capacity 30114K, committed 30256K, reserved 1075200K
  class space    used 3287K, capacity 3558K, committed 3632K, reserved 1048576K
GC Heap History (10 events):
Event: 9.758 GC heap before
{Heap before GC invocations=6 (full 0):
 PSYoungGen      total 88576K, used 18155K [0x000000078af80000, 0x0000000796e80000, 0x00000007c0000000)
  eden space 81920K, 14% used [0x000000078af80000,0x000000078babed28,0x000000078ff80000)
  from space 6656K, 99% used [0x000000078ff80000,0x00000007905fc050,0x0000000790600000)
  to   space 15872K, 0% used [0x0000000795f00000,0x0000000795f00000,0x0000000796e80000)
 ParOldGen       total 109568K, used 17468K [0x0000000720e00000, 0x0000000727900000, 0x000000078af80000)
  object space 109568K, 15% used [0x0000000720e00000,0x0000000721f0f1b0,0x0000000727900000)
 Metaspace       used 20729K, capacity 21178K, committed 21296K, reserved 1069056K
  class space    used 2416K, capacity 2561K, committed 2608K, reserved 1048576K
Event: 9.771 GC heap after
Heap after GC invocations=6 (full 0):
 PSYoungGen      total 179712K, used 8062K [0x000000078af80000, 0x0000000796e80000, 0x00000007c0000000)
  eden space 163840K, 0% used [0x000000078af80000,0x000000078af80000,0x0000000794f80000)
  from space 15872K, 50% used [0x0000000795f00000,0x00000007966df888,0x0000000796e80000)
  to   space 15872K, 0% used [0x0000000794f80000,0x0000000794f80000,0x0000000795f00000)
 ParOldGen       total 109568K, used 17476K [0x0000000720e00000, 0x0000000727900000, 0x000000078af80000)
  object space 109568K, 15% used [0x0000000720e00000,0x0000000721f111b0,0x0000000727900000)
 Metaspace       used 20729K, capacity 21178K, committed 21296K, reserved 1069056K
  class space    used 2416K, capacity 2561K, committed 2608K, reserved 1048576K
}
Event: 9.771 GC heap before
{Heap before GC invocations=7 (full 1):
 PSYoungGen      total 179712K, used 8062K [0x000000078af80000, 0x0000000796e80000, 0x00000007c0000000)
  eden space 163840K, 0% used [0x000000078af80000,0x000000078af80000,0x0000000794f80000)
  from space 15872K, 50% used [0x0000000795f00000,0x00000007966df888,0x0000000796e80000)
  to   space 15872K, 0% used [0x0000000794f80000,0x0000000794f80000,0x0000000795f00000)
 ParOldGen       total 109568K, used 17476K [0x0000000720e00000, 0x0000000727900000, 0x000000078af80000)
  object space 109568K, 15% used [0x0000000720e00000,0x0000000721f111b0,0x0000000727900000)
 Metaspace       used 20729K, capacity 21178K, committed 21296K, reserved 1069056K
  class space    used 2416K, capacity 2561K, committed 2608K, reserved 1048576K
Event: 9.868 GC heap after
Heap after GC invocations=7 (full 1):
 PSYoungGen      total 179712K, used 0K [0x000000078af80000, 0x0000000796e80000, 0x00000007c0000000)
  eden space 163840K, 0% used [0x000000078af80000,0x000000078af80000,0x0000000794f80000)
  from space 15872K, 0% used [0x0000000795f00000,0x0000000795f00000,0x0000000796e80000)
  to   space 15872K, 0% used [0x0000000794f80000,0x0000000794f80000,0x0000000795f00000)
 ParOldGen       total 86016K, used 19580K [0x0000000720e00000, 0x0000000726200000, 0x000000078af80000)
  object space 86016K, 22% used [0x0000000720e00000,0x000000072211f348,0x0000000726200000)
 Metaspace       used 20729K, capacity 21178K, committed 21296K, reserved 1069056K
  class space    used 2416K, capacity 2561K, committed 2608K, reserved 1048576K
}
Event: 13.396 GC heap before
{Heap before GC invocations=8 (full 1):
 PSYoungGen      total 179712K, used 163840K [0x000000078af80000, 0x0000000796e80000, 0x00000007c0000000)
  eden space 163840K, 100% used [0x000000078af80000,0x0000000794f80000,0x0000000794f80000)
  from space 15872K, 0% used [0x0000000795f00000,0x0000000795f00000,0x0000000796e80000)
  to   space 15872K, 0% used [0x0000000794f80000,0x0000000794f80000,0x0000000795f00000)
 ParOldGen       total 86016K, used 19580K [0x0000000720e00000, 0x0000000726200000, 0x000000078af80000)
  object space 86016K, 22% used [0x0000000720e00000,0x000000072211f348,0x0000000726200000)
 Metaspace       used 25365K, capacity 26008K, committed 26288K, reserved 1073152K
  class space    used 2928K, capacity 3132K, committed 3248K, reserved 1048576K
Event: 13.422 GC heap after
Heap after GC invocations=8 (full 1):
 PSYoungGen      total 179712K, used 15862K [0x000000078af80000, 0x0000000796e80000, 0x00000007c0000000)
  eden space 163840K, 0% used [0x000000078af80000,0x000000078af80000,0x0000000794f80000)
  from space 15872K, 99% used [0x0000000794f80000,0x0000000795efdb80,0x0000000795f00000)
  to   space 15872K, 0% used [0x0000000795f00000,0x0000000795f00000,0x0000000796e80000)
 ParOldGen       total 86016K, used 24539K [0x0000000720e00000, 0x0000000726200000, 0x000000078af80000)
  object space 86016K, 28% used [0x0000000720e00000,0x00000007225f6f90,0x0000000726200000)
 Metaspace       used 25365K, capacity 26008K, committed 26288K, reserved 1073152K
  class space    used 2928K, capacity 3132K, committed 3248K, reserved 1048576K
}
Event: 14.652 GC heap before
{Heap before GC invocations=9 (full 1):
 PSYoungGen      total 179712K, used 179702K [0x000000078af80000, 0x0000000796e80000, 0x00000007c0000000)
  eden space 163840K, 100% used [0x000000078af80000,0x0000000794f80000,0x0000000794f80000)
  from space 15872K, 99% used [0x0000000794f80000,0x0000000795efdb80,0x0000000795f00000)
  to   space 15872K, 0% used [0x0000000795f00000,0x0000000795f00000,0x0000000796e80000)
 ParOldGen       total 86016K, used 24539K [0x0000000720e00000, 0x0000000726200000, 0x000000078af80000)
  object space 86016K, 28% used [0x0000000720e00000,0x00000007225f6f90,0x0000000726200000)
 Metaspace       used 25925K, capacity 26642K, committed 26800K, reserved 1073152K
  class space    used 2959K, capacity 3154K, committed 3248K, reserved 1048576K
Event: 14.685 GC heap after
Heap after GC invocations=9 (full 1):
 PSYoungGen      total 179712K, used 15865K [0x000000078af80000, 0x0000000796e80000, 0x00000007c0000000)
  eden space 163840K, 0% used [0x000000078af80000,0x000000078af80000,0x0000000794f80000)
  from space 15872K, 99% used [0x0000000795f00000,0x0000000796e7e730,0x0000000796e80000)
  to   space 15872K, 0% used [0x0000000794f80000,0x0000000794f80000,0x0000000795f00000)
 ParOldGen       total 86016K, used 27487K [0x0000000720e00000, 0x0000000726200000, 0x000000078af80000)
  object space 86016K, 31% used [0x0000000720e00000,0x00000007228d7f80,0x0000000726200000)
 Metaspace       used 25925K, capacity 26642K, committed 26800K, reserved 1073152K
  class space    used 2959K, capacity 3154K, committed 3248K, reserved 1048576K
}
Event: 18.428 GC heap before
{Heap before GC invocations=10 (full 1):
 PSYoungGen      total 179712K, used 179705K [0x000000078af80000, 0x0000000796e80000, 0x00000007c0000000)
  eden space 163840K, 100% used [0x000000078af80000,0x0000000794f80000,0x0000000794f80000)
  from space 15872K, 99% used [0x0000000795f00000,0x0000000796e7e730,0x0000000796e80000)
  to   space 15872K, 0% used [0x0000000794f80000,0x0000000794f80000,0x0000000795f00000)
 ParOldGen       total 86016K, used 27487K [0x0000000720e00000, 0x0000000726200000, 0x000000078af80000)
  object space 86016K, 31% used [0x0000000720e00000,0x00000007228d7f80,0x0000000726200000)
 Metaspace       used 27424K, capacity 28246K, committed 28464K, reserved 1075200K
  class space    used 3085K, capacity 3326K, committed 3376K, reserved 1048576K
Event: 18.449 GC heap after
Heap after GC invocations=10 (full 1):
 PSYoungGen      total 179712K, used 15848K [0x000000078af80000, 0x000000079c080000, 0x00000007c0000000)
  eden space 163840K, 0% used [0x000000078af80000,0x000000078af80000,0x0000000794f80000)
  from space 15872K, 99% used [0x0000000794f80000,0x0000000795efa338,0x0000000795f00000)
  to   space 29184K, 0% used [0x000000079a400000,0x000000079a400000,0x000000079c080000)
 ParOldGen       total 86016K, used 43269K [0x0000000720e00000, 0x0000000726200000, 0x000000078af80000)
  object space 86016K, 50% used [0x0000000720e00000,0x0000000723841598,0x0000000726200000)
 Metaspace       used 27424K, capacity 28246K, committed 28464K, reserved 1075200K
  class space    used 3085K, capacity 3326K, committed 3376K, reserved 1048576K
}

