# JRE version: OpenJDK Runtime Environment (Zulu 8.54.0.21-CA-win64) (8.0_292-b10) (build 1.8.0_292-b10)
# Java VM: OpenJDK 64-Bit Server VM (25.292-b10 mixed mode windows-amd64 compressed oops)
Heap:
 PSYoungGen      total 92160K, used 27096K [0x000000078af80000, 0x0000000794680000, 0x00000007c0000000)
  eden space 79360K, 18% used [0x000000078af80000,0x000000078bd7ba58,0x000000078fd00000)
  from space 12800K, 99% used [0x0000000790d00000,0x000000079197a7b0,0x0000000791980000)
  to   space 16384K, 0% used [0x000000078fd00000,0x000000078fd00000,0x0000000790d00000)
 ParOldGen       total 87552K, used 22829K [0x0000000720e00000, 0x0000000726380000, 0x000000078af80000)
  object space 87552K, 26% used [0x0000000720e00000,0x000000072244b718,0x0000000726380000)
 Metaspace       used 23233K, capacity 23710K, committed 23856K, reserved 1071104K
  class space    used 2690K, capacity 2849K, committed 2864K, reserved 1048576K
GC Heap History (10 events):
Event: 4.272 GC heap before
{Heap before GC invocations=5 (full 0):
 PSYoungGen      total 47616K, used 47600K [0x000000078af80000, 0x0000000790c80000, 0x00000007c0000000)
  eden space 40960K, 100% used [0x000000078af80000,0x000000078d780000,0x000000078d780000)
  from space 6656K, 99% used [0x000000078de00000,0x000000078e47c070,0x000000078e480000)
  to   space 6656K, 0% used [0x000000078d780000,0x000000078d780000,0x000000078de00000)
 ParOldGen       total 109568K, used 8436K [0x0000000720e00000, 0x0000000727900000, 0x000000078af80000)
  object space 109568K, 7% used [0x0000000720e00000,0x000000072163d3e8,0x0000000727900000)
 Metaspace       used 16592K, capacity 16898K, committed 17152K, reserved 1064960K
  class space    used 1927K, capacity 2025K, committed 2048K, reserved 1048576K
Event: 4.284 GC heap after
Heap after GC invocations=5 (full 0):
 PSYoungGen      total 47616K, used 6640K [0x000000078af80000, 0x0000000791a80000, 0x00000007c0000000)
  eden space 40960K, 0% used [0x000000078af80000,0x000000078af80000,0x000000078d780000)
  from space 6656K, 99% used [0x000000078d780000,0x000000078ddfc050,0x000000078de00000)
  to   space 13824K, 0% used [0x0000000790d00000,0x0000000790d00000,0x0000000791a80000)
 ParOldGen       total 109568K, used 14637K [0x0000000720e00000, 0x0000000727900000, 0x000000078af80000)
  object space 109568K, 13% used [0x0000000720e00000,0x0000000721c4b498,0x0000000727900000)
 Metaspace       used 16592K, capacity 16898K, committed 17152K, reserved 1064960K
  class space    used 1927K, capacity 2025K, committed 2048K, reserved 1048576K
}
Event: 5.332 GC heap before
{Heap before GC invocations=6 (full 0):
 PSYoungGen      total 47616K, used 47600K [0x000000078af80000, 0x0000000791a80000, 0x00000007c0000000)
  eden space 40960K, 100% used [0x000000078af80000,0x000000078d780000,0x000000078d780000)
  from space 6656K, 99% used [0x000000078d780000,0x000000078ddfc050,0x000000078de00000)
  to   space 13824K, 0% used [0x0000000790d00000,0x0000000790d00000,0x0000000791a80000)
 ParOldGen       total 109568K, used 14637K [0x0000000720e00000, 0x0000000727900000, 0x000000078af80000)
  object space 109568K, 13% used [0x0000000720e00000,0x0000000721c4b498,0x0000000727900000)
 Metaspace       used 18348K, capacity 18822K, committed 18944K, reserved 1067008K
  class space    used 2104K, capacity 2265K, committed 2304K, reserved 1048576K
Event: 5.348 GC heap after
Heap after GC invocations=6 (full 0):
 PSYoungGen      total 94720K, used 10168K [0x000000078af80000, 0x0000000791980000, 0x00000007c0000000)
  eden space 81920K, 0% used [0x000000078af80000,0x000000078af80000,0x000000078ff80000)
  from space 12800K, 79% used [0x0000000790d00000,0x00000007916ee298,0x0000000791980000)
  to   space 13312K, 0% used [0x000000078ff80000,0x000000078ff80000,0x0000000790c80000)
 ParOldGen       total 109568K, used 14645K [0x0000000720e00000, 0x0000000727900000, 0x000000078af80000)
  object space 109568K, 13% used [0x0000000720e00000,0x0000000721c4d498,0x0000000727900000)
 Metaspace       used 18348K, capacity 18822K, committed 18944K, reserved 1067008K
  class space    used 2104K, capacity 2265K, committed 2304K, reserved 1048576K
}
Event: 5.797 GC heap before
{Heap before GC invocations=7 (full 0):
 PSYoungGen      total 94720K, used 20179K [0x000000078af80000, 0x0000000791980000, 0x00000007c0000000)
  eden space 81920K, 12% used [0x000000078af80000,0x000000078b946c58,0x000000078ff80000)
  from space 12800K, 79% used [0x0000000790d00000,0x00000007916ee298,0x0000000791980000)
  to   space 13312K, 0% used [0x000000078ff80000,0x000000078ff80000,0x0000000790c80000)
 ParOldGen       total 109568K, used 14645K [0x0000000720e00000, 0x0000000727900000, 0x000000078af80000)
  object space 109568K, 13% used [0x0000000720e00000,0x0000000721c4d498,0x0000000727900000)
 Metaspace       used 20708K, capacity 21182K, committed 21296K, reserved 1069056K
  class space    used 2418K, capacity 2561K, committed 2608K, reserved 1048576K
Event: 5.821 GC heap after
Heap after GC invocations=7 (full 0):
 PSYoungGen      total 95232K, used 6564K [0x000000078af80000, 0x0000000791980000, 0x00000007c0000000)
  eden space 81920K, 0% used [0x000000078af80000,0x000000078af80000,0x000000078ff80000)
  from space 13312K, 49% used [0x000000078ff80000,0x00000007905e9110,0x0000000790c80000)
  to   space 12800K, 0% used [0x0000000790d00000,0x0000000790d00000,0x0000000791980000)
 ParOldGen       total 109568K, used 17776K [0x0000000720e00000, 0x0000000727900000, 0x000000078af80000)
  object space 109568K, 16% used [0x0000000720e00000,0x0000000721f5c0d8,0x0000000727900000)
 Metaspace       used 20708K, capacity 21182K, committed 21296K, reserved 1069056K
  class space    used 2418K, capacity 2561K, committed 2608K, reserved 1048576K
}
Event: 5.821 GC heap before
{Heap before GC invocations=8 (full 1):
 PSYoungGen      total 95232K, used 6564K [0x000000078af80000, 0x0000000791980000, 0x00000007c0000000)
  eden space 81920K, 0% used [0x000000078af80000,0x000000078af80000,0x000000078ff80000)
  from space 13312K, 49% used [0x000000078ff80000,0x00000007905e9110,0x0000000790c80000)
  to   space 12800K, 0% used [0x0000000790d00000,0x0000000790d00000,0x0000000791980000)
 ParOldGen       total 109568K, used 17776K [0x0000000720e00000, 0x0000000727900000, 0x000000078af80000)
  object space 109568K, 16% used [0x0000000720e00000,0x0000000721f5c0d8,0x0000000727900000)
 Metaspace       used 20708K, capacity 21182K, committed 21296K, reserved 1069056K
  class space    used 2418K, capacity 2561K, committed 2608K, reserved 1048576K
Event: 5.946 GC heap after
Heap after GC invocations=8 (full 1):
 PSYoungGen      total 95232K, used 0K [0x000000078af80000, 0x0000000791980000, 0x00000007c0000000)
  eden space 81920K, 0% used [0x000000078af80000,0x000000078af80000,0x000000078ff80000)
  from space 13312K, 0% used [0x000000078ff80000,0x000000078ff80000,0x0000000790c80000)
  to   space 12800K, 0% used [0x0000000790d00000,0x0000000790d00000,0x0000000791980000)
 ParOldGen       total 87552K, used 19396K [0x0000000720e00000, 0x0000000726380000, 0x000000078af80000)
  object space 87552K, 22% used [0x0000000720e00000,0x00000007220f1078,0x0000000726380000)
 Metaspace       used 20708K, capacity 21182K, committed 21296K, reserved 1069056K
  class space    used 2418K, capacity 2561K, committed 2608K, reserved 1048576K
}
Event: 7.701 GC heap before
{Heap before GC invocations=9 (full 1):
 PSYoungGen      total 95232K, used 81920K [0x000000078af80000, 0x0000000791980000, 0x00000007c0000000)
  eden space 81920K, 100% used [0x000000078af80000,0x000000078ff80000,0x000000078ff80000)
  from space 13312K, 0% used [0x000000078ff80000,0x000000078ff80000,0x0000000790c80000)
  to   space 12800K, 0% used [0x0000000790d00000,0x0000000790d00000,0x0000000791980000)
 ParOldGen       total 87552K, used 19396K [0x0000000720e00000, 0x0000000726380000, 0x000000078af80000)
  object space 87552K, 22% used [0x0000000720e00000,0x00000007220f1078,0x0000000726380000)
 Metaspace       used 22927K, capacity 23454K, committed 23600K, reserved 1071104K
  class space    used 2673K, capacity 2849K, committed 2864K, reserved 1048576K
Event: 7.727 GC heap after
Heap after GC invocations=9 (full 1):
 PSYoungGen      total 92160K, used 12777K [0x000000078af80000, 0x0000000794680000, 0x00000007c0000000)
  eden space 79360K, 0% used [0x000000078af80000,0x000000078af80000,0x000000078fd00000)
  from space 12800K, 99% used [0x0000000790d00000,0x000000079197a7b0,0x0000000791980000)
  to   space 16384K, 0% used [0x000000078fd00000,0x000000078fd00000,0x0000000790d00000)
 ParOldGen       total 87552K, used 22829K [0x0000000720e00000, 0x0000000726380000, 0x000000078af80000)
  object space 87552K, 26% used [0x0000000720e00000,0x000000072244b718,0x0000000726380000)
 Metaspace       used 22927K, capacity 23454K, committed 23600K, reserved 1071104K
  class space    used 2673K, capacity 2849K, committed 2864K, reserved 1048576K
}

